{"/Users/jamiecarter/hof/bowling-game/bowler.js": {"path":"/Users/jamiecarter/hof/bowling-game/bowler.js","statementMap":{"0":{"start":{"line":1,"column":13},"end":{"line":3,"column":1}},"1":{"start":{"line":2,"column":2},"end":{"line":2,"column":48}},"2":{"start":{"line":5,"column":14},"end":{"line":12,"column":1}},"3":{"start":{"line":6,"column":20},"end":{"line":6,"column":28}},"4":{"start":{"line":7,"column":21},"end":{"line":7,"column":41}},"5":{"start":{"line":8,"column":2},"end":{"line":11,"column":4}},"6":{"start":{"line":14,"column":13},"end":{"line":20,"column":1}},"7":{"start":{"line":15,"column":14},"end":{"line":15,"column":35}},"8":{"start":{"line":16,"column":17},"end":{"line":16,"column":40}},"9":{"start":{"line":16,"column":32},"end":{"line":16,"column":39}},"10":{"start":{"line":17,"column":1},"end":{"line":17,"column":40}},"11":{"start":{"line":18,"column":1},"end":{"line":18,"column":33}},"12":{"start":{"line":19,"column":1},"end":{"line":19,"column":18}},"13":{"start":{"line":22,"column":24},"end":{"line":29,"column":1}},"14":{"start":{"line":23,"column":21},"end":{"line":23,"column":33}},"15":{"start":{"line":24,"column":26},"end":{"line":24,"column":85}},"16":{"start":{"line":24,"column":74},"end":{"line":24,"column":84}},"17":{"start":{"line":25,"column":2},"end":{"line":27,"column":3}},"18":{"start":{"line":26,"column":3},"end":{"line":26,"column":35}},"19":{"start":{"line":28,"column":2},"end":{"line":28,"column":19}},"20":{"start":{"line":31,"column":0},"end":{"line":36,"column":2}}},"fnMap":{"0":{"name":"(anonymous_0)","decl":{"start":{"line":1,"column":13},"end":{"line":1,"column":14}},"loc":{"start":{"line":1,"column":23},"end":{"line":3,"column":1}},"line":1},"1":{"name":"(anonymous_1)","decl":{"start":{"line":5,"column":14},"end":{"line":5,"column":15}},"loc":{"start":{"line":5,"column":20},"end":{"line":12,"column":1}},"line":5},"2":{"name":"(anonymous_2)","decl":{"start":{"line":14,"column":13},"end":{"line":14,"column":14}},"loc":{"start":{"line":14,"column":19},"end":{"line":20,"column":1}},"line":14},"3":{"name":"(anonymous_3)","decl":{"start":{"line":16,"column":26},"end":{"line":16,"column":27}},"loc":{"start":{"line":16,"column":32},"end":{"line":16,"column":39}},"line":16},"4":{"name":"(anonymous_4)","decl":{"start":{"line":22,"column":24},"end":{"line":22,"column":25}},"loc":{"start":{"line":22,"column":39},"end":{"line":29,"column":1}},"line":22},"5":{"name":"(anonymous_5)","decl":{"start":{"line":24,"column":59},"end":{"line":24,"column":60}},"loc":{"start":{"line":24,"column":74},"end":{"line":24,"column":84}},"line":24}},"branchMap":{"0":{"loc":{"start":{"line":25,"column":2},"end":{"line":27,"column":3}},"type":"if","locations":[{"start":{"line":25,"column":2},"end":{"line":27,"column":3}},{"start":{},"end":{}}],"line":25}},"s":{"0":1,"1":24,"2":1,"3":11,"4":11,"5":11,"6":1,"7":1,"8":1,"9":10,"10":1,"11":1,"12":1,"13":1,"14":2,"15":2,"16":2,"17":2,"18":1,"19":2,"20":1},"f":{"0":24,"1":11,"2":1,"3":10,"4":2,"5":2},"b":{"0":[1,1]},"_coverageSchema":"1a1c01bbd47fc00a2c39e90264f33305004495a9","hash":"227353f07c7156a6895f75968ad5b418142a0b41"}
,"/Users/jamiecarter/hof/bowling-game/scoreCalculator.js": {"path":"/Users/jamiecarter/hof/bowling-game/scoreCalculator.js","statementMap":{"0":{"start":{"line":1,"column":17},"end":{"line":3,"column":1}},"1":{"start":{"line":2,"column":2},"end":{"line":2,"column":47}},"2":{"start":{"line":5,"column":16},"end":{"line":7,"column":1}},"3":{"start":{"line":6,"column":2},"end":{"line":6,"column":66}},"4":{"start":{"line":9,"column":0},"end":{"line":12,"column":1}}},"fnMap":{"0":{"name":"(anonymous_0)","decl":{"start":{"line":1,"column":17},"end":{"line":1,"column":18}},"loc":{"start":{"line":1,"column":28},"end":{"line":3,"column":1}},"line":1},"1":{"name":"(anonymous_1)","decl":{"start":{"line":5,"column":16},"end":{"line":5,"column":17}},"loc":{"start":{"line":5,"column":27},"end":{"line":7,"column":1}},"line":5}},"branchMap":{"0":{"loc":{"start":{"line":2,"column":9},"end":{"line":2,"column":46}},"type":"cond-expr","locations":[{"start":{"line":2,"column":34},"end":{"line":2,"column":38}},{"start":{"line":2,"column":41},"end":{"line":2,"column":46}}],"line":2},"1":{"loc":{"start":{"line":6,"column":9},"end":{"line":6,"column":65}},"type":"cond-expr","locations":[{"start":{"line":6,"column":53},"end":{"line":6,"column":57}},{"start":{"line":6,"column":60},"end":{"line":6,"column":65}}],"line":6}},"s":{"0":1,"1":2,"2":1,"3":2,"4":1},"f":{"0":2,"1":2},"b":{"0":[1,1],"1":[1,1]},"_coverageSchema":"1a1c01bbd47fc00a2c39e90264f33305004495a9","hash":"2d64860b1b698e287aded9a5891c7d0391ec577a"}
}
