TN:
SF:bowler.js
FN:1,(anonymous_0)
FN:5,(anonymous_1)
FN:14,(anonymous_2)
FN:16,(anonymous_3)
FN:22,(anonymous_4)
FN:24,(anonymous_5)
FNF:6
FNH:6
FNDA:24,(anonymous_0)
FNDA:11,(anonymous_1)
FNDA:1,(anonymous_2)
FNDA:10,(anonymous_3)
FNDA:2,(anonymous_4)
FNDA:2,(anonymous_5)
DA:1,1
DA:2,24
DA:5,1
DA:6,11
DA:7,11
DA:8,11
DA:14,1
DA:15,1
DA:16,10
DA:17,1
DA:18,1
DA:19,1
DA:22,1
DA:23,2
DA:24,2
DA:25,2
DA:26,1
DA:28,2
DA:31,1
LF:19
LH:19
BRDA:25,0,0,1
BRDA:25,0,1,1
BRF:2
BRH:2
end_of_record
TN:
SF:scoreCalculator.js
FN:1,(anonymous_0)
FN:5,(anonymous_1)
FNF:2
FNH:2
FNDA:2,(anonymous_0)
FNDA:2,(anonymous_1)
DA:1,1
DA:2,2
DA:5,1
DA:6,2
DA:9,1
LF:5
LH:5
BRDA:2,0,0,1
BRDA:2,0,1,1
BRDA:6,1,0,1
BRDA:6,1,1,1
BRF:4
BRH:4
end_of_record
